<?xml version="1.0" encoding="UTF-8"?>
<!-- Generated by org.testng.reporters.JUnitReportReporter -->
<testsuite hostname="SoumyaRaj" failures="0" tests="1" name="runner.InstallRepeaterRunner" time="82.830" errors="0" timestamp="2025-07-24T00:36:03 IST" skipped="0">
  <testcase classname="runner.InstallRepeaterRunner" name="runScenario" time="82.830"/>
</testsuite> <!-- runner.InstallRepeaterRunner -->
