<?xml version="1.0" encoding="UTF-8"?>
<!-- Generated by org.testng.reporters.JUnitReportReporter -->
<testsuite hostname="SoumyaRaj" failures="0" tests="1" name="runner.InstallDCURunner" time="101.489" errors="0" timestamp="2025-07-24T00:36:03 IST" skipped="0">
  <testcase classname="runner.InstallDCURunner" name="runScenario" time="101.489"/>
</testsuite> <!-- runner.InstallDCURunner -->
