<?xml version="1.0" encoding="UTF-8"?>
<!-- Generated by org.testng.reporters.JUnitReportReporter -->
<testsuite hostname="SoumyaRaj" failures="0" tests="1" name="runner.MaintenanceRepeaterRunner" time="52.673" errors="0" timestamp="2025-07-24T00:36:03 IST" skipped="0">
  <testcase classname="runner.MaintenanceRepeaterRunner" name="runScenario" time="52.673"/>
</testsuite> <!-- runner.MaintenanceRepeaterRunner -->
