<?xml version="1.0" encoding="UTF-8"?>
<!-- Generated by org.testng.reporters.JUnitReportReporter -->
<testsuite hostname="SoumyaRaj" failures="0" tests="1" name="runner.InstallNICRunner" time="128.806" errors="0" timestamp="2025-07-24T17:57:51 IST" skipped="0">
  <testcase classname="runner.InstallNICRunner" name="runScenario" time="128.806"/>
</testsuite> <!-- runner.InstallNICRunner -->
